This file contains any messages produced by compilers while
running configure, to aid debugging if configure makes a mistake.

It was created by ESPRESSO configure 5.2.1, which was
generated by GNU Autoconf 2.63.  Invocation command line was

  $ ./install/configure --enable-openmp

## --------- ##
## Platform. ##
## --------- ##

hostname = hp83-inf-6.ictp.it
uname -m = x86_64
uname -r = 3.13.0-63-generic
uname -s = Linux
uname -v = #103-Ubuntu SMP Fri Aug 14 21:42:59 UTC 2015

/usr/bin/uname -p = unknown
/bin/uname -X     = unknown

/bin/arch              = unknown
/usr/bin/arch -k       = unknown
/usr/convex/getsysinfo = unknown
/usr/bin/hostinfo      = unknown
/bin/machine           = unknown
/usr/bin/oslevel       = unknown
/bin/universe          = unknown

PATH: /usr/local/sbin
PATH: /usr/local/bin
PATH: /usr/sbin
PATH: /usr/bin
PATH: /sbin
PATH: /bin
PATH: /usr/games
PATH: /usr/local/games
PATH: /usr/local/ferret-6.82/bin
PATH: /opt/intel/bin


## ----------- ##
## Core tests. ##
## ----------- ##

configure:2125: checking build system type
configure:2143: result: x86_64-pc-linux-gnu
configure:2367: checking for ifort
configure:2383: found /usr/local/bin/ifort
configure:2394: result: ifort
configure:2410: WARNING: using cross tools not prefixed with host triplet
configure:2420: checking for Fortran compiler version
configure:2428: ifort --version >&5
ifort (IFORT) 13.0.1 20121010
Copyright (C) 1985-2012 Intel Corporation.  All rights reserved.

configure:2432: $? = 0
configure:2439: ifort -v >&5
ifort version 13.0.1
configure:2443: $? = 0
configure:2450: ifort -V >&5
Intel(R) Fortran Intel(R) 64 Compiler XE for applications running on Intel(R) 64, Version 13.0.1.117 Build 20121010
Copyright (C) 1985-2012 Intel Corporation.  All rights reserved.
FOR NON-COMMERCIAL USE ONLY

configure:2454: $? = 0
configure:2468: checking for Fortran compiler default output file name
configure:2490: ifort    conftest.f  >&5
configure:2494: $? = 0
configure:2532: result: a.out
configure:2551: checking whether the Fortran compiler works
configure:2584: result: yes
configure:2591: checking whether we are cross compiling
configure:2593: result: yes
configure:2596: checking for suffix of executables
configure:2603: ifort -o conftest    conftest.f  >&5
configure:2607: $? = 0
configure:2633: result: 
configure:2639: checking for suffix of object files
configure:2655: ifort -c   conftest.f >&5
configure:2659: $? = 0
configure:2684: result: o
configure:2692: checking whether we are using the GNU Fortran compiler
configure:2711: ifort -c   conftest.F >&5
conftest.F(3): error #5082: Syntax error, found END-OF-STATEMENT when expecting one of: ( % [ : . = =>
       choke me
---------------^
conftest.F(3): error #6218: This statement is positioned incorrectly and/or has syntax errors.
       choke me
---------------^
compilation aborted for conftest.F (code 1)
configure:2718: $? = 1
configure: failed program was:
|       program main
| #ifndef __GNUC__
|        choke me
| #endif
| 
|       end
configure:2735: result: no
configure:2741: checking whether ifort accepts -g
configure:2758: ifort -c -g  conftest.f >&5
configure:2765: $? = 0
configure:2781: result: yes
configure:2811: checking for Fortran flag to compile .f90 files
configure:2833: ifort -c -g  conftest.f90 >&5
configure:2840: $? = 0
configure:2859: result: none
configure:2946: checking for mpif90
configure:2962: found /usr/bin/mpif90
configure:2973: result: mpif90
configure:2999: checking for Fortran compiler version
configure:3007: mpif90 --version >&5
GNU Fortran (Ubuntu 4.8.4-2ubuntu1~14.04) 4.8.4
Copyright (C) 2013 Free Software Foundation, Inc.

GNU Fortran comes with NO WARRANTY, to the extent permitted by law.
You may redistribute copies of GNU Fortran
under the terms of the GNU General Public License.
For more information about these matters, see the file named COPYING

configure:3011: $? = 0
configure:3018: mpif90 -v >&5
Using built-in specs.
COLLECT_GCC=/usr/bin/gfortran
COLLECT_LTO_WRAPPER=/usr/lib/gcc/x86_64-linux-gnu/4.8/lto-wrapper
Target: x86_64-linux-gnu
Configured with: ../src/configure -v --with-pkgversion='Ubuntu 4.8.4-2ubuntu1~14.04' --with-bugurl=file:///usr/share/doc/gcc-4.8/README.Bugs --enable-languages=c,c++,java,go,d,fortran,objc,obj-c++ --prefix=/usr --program-suffix=-4.8 --enable-shared --enable-linker-build-id --libexecdir=/usr/lib --without-included-gettext --enable-threads=posix --with-gxx-include-dir=/usr/include/c++/4.8 --libdir=/usr/lib --enable-nls --with-sysroot=/ --enable-clocale=gnu --enable-libstdcxx-debug --enable-libstdcxx-time=yes --enable-gnu-unique-object --disable-libmudflap --enable-plugin --with-system-zlib --disable-browser-plugin --enable-java-awt=gtk --enable-gtk-cairo --with-java-home=/usr/lib/jvm/java-1.5.0-gcj-4.8-amd64/jre --enable-java-home --with-jvm-root-dir=/usr/lib/jvm/java-1.5.0-gcj-4.8-amd64 --with-jvm-jar-dir=/usr/lib/jvm-exports/java-1.5.0-gcj-4.8-amd64 --with-arch-directory=amd64 --with-ecj-jar=/usr/share/java/eclipse-ecj.jar --enable-objc-gc --enable-multiarch --disable-werror --with-arch-32=i686 --with-abi=m64 --with-multilib-list=m32,m64,mx32 --with-tune=generic --enable-checking=release --build=x86_64-linux-gnu --host=x86_64-linux-gnu --target=x86_64-linux-gnu
Thread model: posix
gcc version 4.8.4 (Ubuntu 4.8.4-2ubuntu1~14.04) 
configure:3022: $? = 0
configure:3029: mpif90 -V >&5
gfortran: error: unrecognized command line option '-V'
gfortran: fatal error: no input files
compilation terminated.
configure:3033: $? = 4
configure:3041: checking whether we are using the GNU Fortran compiler
configure:3060: mpif90 -c -g  conftest.F >&5
configure:3067: $? = 0
configure:3084: result: yes
configure:3090: checking whether mpif90 accepts -g
configure:3107: mpif90 -c -g  conftest.f90 >&5
configure:3114: $? = 0
configure:3130: result: yes
configure:3510: WARNING: parallel compiler mpif90 uses gfortran, but serial compiler ifort was detected
configure:3512: WARNING: assuming F90=gfortran, discarding ifort
configure:3669: checking for cc
configure:3685: found /usr/bin/cc
configure:3696: result: cc
configure:3730: checking for C compiler version
configure:3738: cc --version >&5
cc (Ubuntu 4.8.4-2ubuntu1~14.04) 4.8.4
Copyright (C) 2013 Free Software Foundation, Inc.
This is free software; see the source for copying conditions.  There is NO
warranty; not even for MERCHANTABILITY or FITNESS FOR A PARTICULAR PURPOSE.

configure:3742: $? = 0
configure:3749: cc -v >&5
Using built-in specs.
COLLECT_GCC=cc
COLLECT_LTO_WRAPPER=/usr/lib/gcc/x86_64-linux-gnu/4.8/lto-wrapper
Target: x86_64-linux-gnu
Configured with: ../src/configure -v --with-pkgversion='Ubuntu 4.8.4-2ubuntu1~14.04' --with-bugurl=file:///usr/share/doc/gcc-4.8/README.Bugs --enable-languages=c,c++,java,go,d,fortran,objc,obj-c++ --prefix=/usr --program-suffix=-4.8 --enable-shared --enable-linker-build-id --libexecdir=/usr/lib --without-included-gettext --enable-threads=posix --with-gxx-include-dir=/usr/include/c++/4.8 --libdir=/usr/lib --enable-nls --with-sysroot=/ --enable-clocale=gnu --enable-libstdcxx-debug --enable-libstdcxx-time=yes --enable-gnu-unique-object --disable-libmudflap --enable-plugin --with-system-zlib --disable-browser-plugin --enable-java-awt=gtk --enable-gtk-cairo --with-java-home=/usr/lib/jvm/java-1.5.0-gcj-4.8-amd64/jre --enable-java-home --with-jvm-root-dir=/usr/lib/jvm/java-1.5.0-gcj-4.8-amd64 --with-jvm-jar-dir=/usr/lib/jvm-exports/java-1.5.0-gcj-4.8-amd64 --with-arch-directory=amd64 --with-ecj-jar=/usr/share/java/eclipse-ecj.jar --enable-objc-gc --enable-multiarch --disable-werror --with-arch-32=i686 --with-abi=m64 --with-multilib-list=m32,m64,mx32 --with-tune=generic --enable-checking=release --build=x86_64-linux-gnu --host=x86_64-linux-gnu --target=x86_64-linux-gnu
Thread model: posix
gcc version 4.8.4 (Ubuntu 4.8.4-2ubuntu1~14.04) 
configure:3753: $? = 0
configure:3760: cc -V >&5
cc: error: unrecognized command line option '-V'
cc: fatal error: no input files
compilation terminated.
configure:3764: $? = 4
configure:3767: checking whether we are using the GNU C compiler
configure:3796: cc -c   conftest.c >&5
configure:3803: $? = 0
configure:3820: result: yes
configure:3829: checking whether cc accepts -g
configure:3859: cc -c -g  conftest.c >&5
configure:3866: $? = 0
configure:3967: result: yes
configure:3984: checking for cc option to accept ISO C89
configure:4058: cc  -c -g -O2  conftest.c >&5
configure:4065: $? = 0
configure:4088: result: none needed
configure:4119: checking how to run the C preprocessor
configure:4159: cc -E  conftest.c
configure:4166: $? = 0
configure:4197: cc -E  conftest.c
conftest.c:8:28: fatal error: ac_nonexistent.h: No such file or directory
 #include <ac_nonexistent.h>
                            ^
compilation terminated.
configure:4204: $? = 1
configure: failed program was:
| /* confdefs.h.  */
| #define PACKAGE_NAME "ESPRESSO"
| #define PACKAGE_TARNAME "espresso"
| #define PACKAGE_VERSION "5.2.1"
| #define PACKAGE_STRING "ESPRESSO 5.2.1"
| #define PACKAGE_BUGREPORT ""
| /* end confdefs.h.  */
| #include <ac_nonexistent.h>
configure:4237: result: cc -E
configure:4266: cc -E  conftest.c
configure:4273: $? = 0
configure:4304: cc -E  conftest.c
conftest.c:8:28: fatal error: ac_nonexistent.h: No such file or directory
 #include <ac_nonexistent.h>
                            ^
compilation terminated.
configure:4311: $? = 1
configure: failed program was:
| /* confdefs.h.  */
| #define PACKAGE_NAME "ESPRESSO"
| #define PACKAGE_TARNAME "espresso"
| #define PACKAGE_VERSION "5.2.1"
| #define PACKAGE_STRING "ESPRESSO 5.2.1"
| #define PACKAGE_BUGREPORT ""
| /* end confdefs.h.  */
| #include <ac_nonexistent.h>
configure:4351: checking for grep that handles long lines and -e
configure:4411: result: /bin/grep
configure:4416: checking for egrep
configure:4480: result: /bin/grep -E
configure:4485: checking for ANSI C header files
configure:4515: cc -c -g -O2  conftest.c >&5
configure:4522: $? = 0
configure:4653: result: yes
configure:4677: checking for sys/types.h
configure:4698: cc -c -g -O2  conftest.c >&5
configure:4705: $? = 0
configure:4722: result: yes
configure:4677: checking for sys/stat.h
configure:4698: cc -c -g -O2  conftest.c >&5
configure:4705: $? = 0
configure:4722: result: yes
configure:4677: checking for stdlib.h
configure:4698: cc -c -g -O2  conftest.c >&5
configure:4705: $? = 0
configure:4722: result: yes
configure:4677: checking for string.h
configure:4698: cc -c -g -O2  conftest.c >&5
configure:4705: $? = 0
configure:4722: result: yes
configure:4677: checking for memory.h
configure:4698: cc -c -g -O2  conftest.c >&5
configure:4705: $? = 0
configure:4722: result: yes
configure:4677: checking for strings.h
configure:4698: cc -c -g -O2  conftest.c >&5
configure:4705: $? = 0
configure:4722: result: yes
configure:4677: checking for inttypes.h
configure:4698: cc -c -g -O2  conftest.c >&5
configure:4705: $? = 0
configure:4722: result: yes
configure:4677: checking for stdint.h
configure:4698: cc -c -g -O2  conftest.c >&5
configure:4705: $? = 0
configure:4722: result: yes
configure:4677: checking for unistd.h
configure:4698: cc -c -g -O2  conftest.c >&5
configure:4705: $? = 0
configure:4722: result: yes
configure:4740: checking size of int *
configure:4770: cc -c -g -O2  conftest.c >&5
configure:4777: $? = 0
configure:4807: cc -c -g -O2  conftest.c >&5
conftest.c: In function 'main':
conftest.c:54:12: error: size of array 'test_array' is negative
 static int test_array [1 - 2 * !(((long int) (sizeof (int *))) <= 0)];
            ^
configure:4814: $? = 1
configure: failed program was:
| /* confdefs.h.  */
| #define PACKAGE_NAME "ESPRESSO"
| #define PACKAGE_TARNAME "espresso"
| #define PACKAGE_VERSION "5.2.1"
| #define PACKAGE_STRING "ESPRESSO 5.2.1"
| #define PACKAGE_BUGREPORT ""
| #define STDC_HEADERS 1
| #define HAVE_SYS_TYPES_H 1
| #define HAVE_SYS_STAT_H 1
| #define HAVE_STDLIB_H 1
| #define HAVE_STRING_H 1
| #define HAVE_MEMORY_H 1
| #define HAVE_STRINGS_H 1
| #define HAVE_INTTYPES_H 1
| #define HAVE_STDINT_H 1
| #define HAVE_UNISTD_H 1
| /* end confdefs.h.  */
| #include <stdio.h>
| #ifdef HAVE_SYS_TYPES_H
| # include <sys/types.h>
| #endif
| #ifdef HAVE_SYS_STAT_H
| # include <sys/stat.h>
| #endif
| #ifdef STDC_HEADERS
| # include <stdlib.h>
| # include <stddef.h>
| #else
| # ifdef HAVE_STDLIB_H
| #  include <stdlib.h>
| # endif
| #endif
| #ifdef HAVE_STRING_H
| # if !defined STDC_HEADERS && defined HAVE_MEMORY_H
| #  include <memory.h>
| # endif
| # include <string.h>
| #endif
| #ifdef HAVE_STRINGS_H
| # include <strings.h>
| #endif
| #ifdef HAVE_INTTYPES_H
| # include <inttypes.h>
| #endif
| #ifdef HAVE_STDINT_H
| # include <stdint.h>
| #endif
| #ifdef HAVE_UNISTD_H
| # include <unistd.h>
| #endif
| int
| main ()
| {
| static int test_array [1 - 2 * !(((long int) (sizeof (int *))) <= 0)];
| test_array [0] = 0
| 
|   ;
|   return 0;
| }
configure:4807: cc -c -g -O2  conftest.c >&5
conftest.c: In function 'main':
conftest.c:54:12: error: size of array 'test_array' is negative
 static int test_array [1 - 2 * !(((long int) (sizeof (int *))) <= 1)];
            ^
configure:4814: $? = 1
configure: failed program was:
| /* confdefs.h.  */
| #define PACKAGE_NAME "ESPRESSO"
| #define PACKAGE_TARNAME "espresso"
| #define PACKAGE_VERSION "5.2.1"
| #define PACKAGE_STRING "ESPRESSO 5.2.1"
| #define PACKAGE_BUGREPORT ""
| #define STDC_HEADERS 1
| #define HAVE_SYS_TYPES_H 1
| #define HAVE_SYS_STAT_H 1
| #define HAVE_STDLIB_H 1
| #define HAVE_STRING_H 1
| #define HAVE_MEMORY_H 1
| #define HAVE_STRINGS_H 1
| #define HAVE_INTTYPES_H 1
| #define HAVE_STDINT_H 1
| #define HAVE_UNISTD_H 1
| /* end confdefs.h.  */
| #include <stdio.h>
| #ifdef HAVE_SYS_TYPES_H
| # include <sys/types.h>
| #endif
| #ifdef HAVE_SYS_STAT_H
| # include <sys/stat.h>
| #endif
| #ifdef STDC_HEADERS
| # include <stdlib.h>
| # include <stddef.h>
| #else
| # ifdef HAVE_STDLIB_H
| #  include <stdlib.h>
| # endif
| #endif
| #ifdef HAVE_STRING_H
| # if !defined STDC_HEADERS && defined HAVE_MEMORY_H
| #  include <memory.h>
| # endif
| # include <string.h>
| #endif
| #ifdef HAVE_STRINGS_H
| # include <strings.h>
| #endif
| #ifdef HAVE_INTTYPES_H
| # include <inttypes.h>
| #endif
| #ifdef HAVE_STDINT_H
| # include <stdint.h>
| #endif
| #ifdef HAVE_UNISTD_H
| # include <unistd.h>
| #endif
| int
| main ()
| {
| static int test_array [1 - 2 * !(((long int) (sizeof (int *))) <= 1)];
| test_array [0] = 0
| 
|   ;
|   return 0;
| }
configure:4807: cc -c -g -O2  conftest.c >&5
conftest.c: In function 'main':
conftest.c:54:12: error: size of array 'test_array' is negative
 static int test_array [1 - 2 * !(((long int) (sizeof (int *))) <= 3)];
            ^
configure:4814: $? = 1
configure: failed program was:
| /* confdefs.h.  */
| #define PACKAGE_NAME "ESPRESSO"
| #define PACKAGE_TARNAME "espresso"
| #define PACKAGE_VERSION "5.2.1"
| #define PACKAGE_STRING "ESPRESSO 5.2.1"
| #define PACKAGE_BUGREPORT ""
| #define STDC_HEADERS 1
| #define HAVE_SYS_TYPES_H 1
| #define HAVE_SYS_STAT_H 1
| #define HAVE_STDLIB_H 1
| #define HAVE_STRING_H 1
| #define HAVE_MEMORY_H 1
| #define HAVE_STRINGS_H 1
| #define HAVE_INTTYPES_H 1
| #define HAVE_STDINT_H 1
| #define HAVE_UNISTD_H 1
| /* end confdefs.h.  */
| #include <stdio.h>
| #ifdef HAVE_SYS_TYPES_H
| # include <sys/types.h>
| #endif
| #ifdef HAVE_SYS_STAT_H
| # include <sys/stat.h>
| #endif
| #ifdef STDC_HEADERS
| # include <stdlib.h>
| # include <stddef.h>
| #else
| # ifdef HAVE_STDLIB_H
| #  include <stdlib.h>
| # endif
| #endif
| #ifdef HAVE_STRING_H
| # if !defined STDC_HEADERS && defined HAVE_MEMORY_H
| #  include <memory.h>
| # endif
| # include <string.h>
| #endif
| #ifdef HAVE_STRINGS_H
| # include <strings.h>
| #endif
| #ifdef HAVE_INTTYPES_H
| # include <inttypes.h>
| #endif
| #ifdef HAVE_STDINT_H
| # include <stdint.h>
| #endif
| #ifdef HAVE_UNISTD_H
| # include <unistd.h>
| #endif
| int
| main ()
| {
| static int test_array [1 - 2 * !(((long int) (sizeof (int *))) <= 3)];
| test_array [0] = 0
| 
|   ;
|   return 0;
| }
configure:4807: cc -c -g -O2  conftest.c >&5
conftest.c: In function 'main':
conftest.c:54:12: error: size of array 'test_array' is negative
 static int test_array [1 - 2 * !(((long int) (sizeof (int *))) <= 7)];
            ^
configure:4814: $? = 1
configure: failed program was:
| /* confdefs.h.  */
| #define PACKAGE_NAME "ESPRESSO"
| #define PACKAGE_TARNAME "espresso"
| #define PACKAGE_VERSION "5.2.1"
| #define PACKAGE_STRING "ESPRESSO 5.2.1"
| #define PACKAGE_BUGREPORT ""
| #define STDC_HEADERS 1
| #define HAVE_SYS_TYPES_H 1
| #define HAVE_SYS_STAT_H 1
| #define HAVE_STDLIB_H 1
| #define HAVE_STRING_H 1
| #define HAVE_MEMORY_H 1
| #define HAVE_STRINGS_H 1
| #define HAVE_INTTYPES_H 1
| #define HAVE_STDINT_H 1
| #define HAVE_UNISTD_H 1
| /* end confdefs.h.  */
| #include <stdio.h>
| #ifdef HAVE_SYS_TYPES_H
| # include <sys/types.h>
| #endif
| #ifdef HAVE_SYS_STAT_H
| # include <sys/stat.h>
| #endif
| #ifdef STDC_HEADERS
| # include <stdlib.h>
| # include <stddef.h>
| #else
| # ifdef HAVE_STDLIB_H
| #  include <stdlib.h>
| # endif
| #endif
| #ifdef HAVE_STRING_H
| # if !defined STDC_HEADERS && defined HAVE_MEMORY_H
| #  include <memory.h>
| # endif
| # include <string.h>
| #endif
| #ifdef HAVE_STRINGS_H
| # include <strings.h>
| #endif
| #ifdef HAVE_INTTYPES_H
| # include <inttypes.h>
| #endif
| #ifdef HAVE_STDINT_H
| # include <stdint.h>
| #endif
| #ifdef HAVE_UNISTD_H
| # include <unistd.h>
| #endif
| int
| main ()
| {
| static int test_array [1 - 2 * !(((long int) (sizeof (int *))) <= 7)];
| test_array [0] = 0
| 
|   ;
|   return 0;
| }
configure:4807: cc -c -g -O2  conftest.c >&5
configure:4814: $? = 0
configure:4962: cc -c -g -O2  conftest.c >&5
configure:4969: $? = 0
configure:4962: cc -c -g -O2  conftest.c >&5
configure:4969: $? = 0
configure:4962: cc -c -g -O2  conftest.c >&5
configure:4969: $? = 0
configure:5085: result: 8
configure:5111: checking malloc.h usability
configure:5128: cc -c -g -O2  conftest.c >&5
configure:5135: $? = 0
configure:5149: result: yes
configure:5153: checking malloc.h presence
configure:5168: cc -E  conftest.c
configure:5175: $? = 0
configure:5189: result: yes
configure:5217: checking for malloc.h
configure:5224: result: yes
configure:5237: checking for struct mallinfo.arena
configure:5266: cc -c -g -O2  conftest.c >&5
configure:5273: $? = 0
configure:5332: result: yes
configure:5399: checking for gfortran
configure:5415: found /usr/bin/gfortran
configure:5426: result: gfortran
configure:5452: checking for Fortran 77 compiler version
configure:5460: gfortran --version >&5
GNU Fortran (Ubuntu 4.8.4-2ubuntu1~14.04) 4.8.4
Copyright (C) 2013 Free Software Foundation, Inc.

GNU Fortran comes with NO WARRANTY, to the extent permitted by law.
You may redistribute copies of GNU Fortran
under the terms of the GNU General Public License.
For more information about these matters, see the file named COPYING

configure:5464: $? = 0
configure:5471: gfortran -v >&5
Using built-in specs.
COLLECT_GCC=gfortran
COLLECT_LTO_WRAPPER=/usr/lib/gcc/x86_64-linux-gnu/4.8/lto-wrapper
Target: x86_64-linux-gnu
Configured with: ../src/configure -v --with-pkgversion='Ubuntu 4.8.4-2ubuntu1~14.04' --with-bugurl=file:///usr/share/doc/gcc-4.8/README.Bugs --enable-languages=c,c++,java,go,d,fortran,objc,obj-c++ --prefix=/usr --program-suffix=-4.8 --enable-shared --enable-linker-build-id --libexecdir=/usr/lib --without-included-gettext --enable-threads=posix --with-gxx-include-dir=/usr/include/c++/4.8 --libdir=/usr/lib --enable-nls --with-sysroot=/ --enable-clocale=gnu --enable-libstdcxx-debug --enable-libstdcxx-time=yes --enable-gnu-unique-object --disable-libmudflap --enable-plugin --with-system-zlib --disable-browser-plugin --enable-java-awt=gtk --enable-gtk-cairo --with-java-home=/usr/lib/jvm/java-1.5.0-gcj-4.8-amd64/jre --enable-java-home --with-jvm-root-dir=/usr/lib/jvm/java-1.5.0-gcj-4.8-amd64 --with-jvm-jar-dir=/usr/lib/jvm-exports/java-1.5.0-gcj-4.8-amd64 --with-arch-directory=amd64 --with-ecj-jar=/usr/share/java/eclipse-ecj.jar --enable-objc-gc --enable-multiarch --disable-werror --with-arch-32=i686 --with-abi=m64 --with-multilib-list=m32,m64,mx32 --with-tune=generic --enable-checking=release --build=x86_64-linux-gnu --host=x86_64-linux-gnu --target=x86_64-linux-gnu
Thread model: posix
gcc version 4.8.4 (Ubuntu 4.8.4-2ubuntu1~14.04) 
configure:5475: $? = 0
configure:5482: gfortran -V >&5
gfortran: error: unrecognized command line option '-V'
gfortran: fatal error: no input files
compilation terminated.
configure:5486: $? = 4
configure:5494: checking whether we are using the GNU Fortran 77 compiler
configure:5513: gfortran -c  conftest.F >&5
configure:5520: $? = 0
configure:5537: result: yes
configure:5543: checking whether gfortran accepts -g
configure:5560: gfortran -c -g conftest.f >&5
configure:5567: $? = 0
configure:5583: result: yes
configure:5951: checking whether make sets $(MAKE)
configure:5973: result: yes
configure:6014: checking how to get verbose linking output from gfortran
configure:6030: gfortran -c -g -O2 conftest.f >&5
configure:6037: $? = 0
configure:6059: gfortran -o conftest -g -O2 -v conftest.f
Using built-in specs.
Target: x86_64-linux-gnu
Configured with: ../src/configure -v --with-pkgversion='Ubuntu 4.8.4-2ubuntu1~14.04' --with-bugurl=file:///usr/share/doc/gcc-4.8/README.Bugs --enable-languages=c,c++,java,go,d,fortran,objc,obj-c++ --prefix=/usr --program-suffix=-4.8 --enable-shared --enable-linker-build-id --libexecdir=/usr/lib --without-included-gettext --enable-threads=posix --with-gxx-include-dir=/usr/include/c++/4.8 --libdir=/usr/lib --enable-nls --with-sysroot=/ --enable-clocale=gnu --enable-libstdcxx-debug --enable-libstdcxx-time=yes --enable-gnu-unique-object --disable-libmudflap --enable-plugin --with-system-zlib --disable-browser-plugin --enable-java-awt=gtk --enable-gtk-cairo --with-java-home=/usr/lib/jvm/java-1.5.0-gcj-4.8-amd64/jre --enable-java-home --with-jvm-root-dir=/usr/lib/jvm/java-1.5.0-gcj-4.8-amd64 --with-jvm-jar-dir=/usr/lib/jvm-exports/java-1.5.0-gcj-4.8-amd64 --with-arch-directory=amd64 --with-ecj-jar=/usr/share/java/eclipse-ecj.jar --enable-objc-gc --enable-multiarch --disable-werror --with-arch-32=i686 --with-abi=m64 --with-multilib-list=m32,m64,mx32 --with-tune=generic --enable-checking=release --build=x86_64-linux-gnu --host=x86_64-linux-gnu --target=x86_64-linux-gnu
Thread model: posix
gcc version 4.8.4 (Ubuntu 4.8.4-2ubuntu1~14.04) 
 /usr/lib/gcc/x86_64-linux-gnu/4.8/f951 conftest.f -ffixed-form -quiet -dumpbase conftest.f -mtune=generic -march=x86-64 -auxbase conftest -g -O2 -version -fintrinsic-modules-path /usr/lib/gcc/x86_64-linux-gnu/4.8/finclude -o /tmp/ccBEwG1W.s
GNU Fortran (Ubuntu 4.8.4-2ubuntu1~14.04) version 4.8.4 (x86_64-linux-gnu)
	compiled by GNU C version 4.8.4, GMP version 5.1.3, MPFR version 3.1.2-p3, MPC version 1.0.1
GGC heuristics: --param ggc-min-expand=100 --param ggc-min-heapsize=131072
GNU Fortran (Ubuntu 4.8.4-2ubuntu1~14.04) version 4.8.4 (x86_64-linux-gnu)
	compiled by GNU C version 4.8.4, GMP version 5.1.3, MPFR version 3.1.2-p3, MPC version 1.0.1
GGC heuristics: --param ggc-min-expand=100 --param ggc-min-heapsize=131072
 as -v --64 -o /tmp/ccgQPtcP.o /tmp/ccBEwG1W.s
GNU assembler version 2.24 (x86_64-linux-gnu) using BFD version (GNU Binutils for Ubuntu) 2.24
Reading specs from /usr/lib/gcc/x86_64-linux-gnu/4.8/libgfortran.spec
rename spec lib to liborig
 /usr/lib/gcc/x86_64-linux-gnu/4.8/collect2 --sysroot=/ --build-id --eh-frame-hdr -m elf_x86_64 --hash-style=gnu --as-needed -dynamic-linker /lib64/ld-linux-x86-64.so.2 -z relro -o conftest /usr/lib/gcc/x86_64-linux-gnu/4.8/../../../x86_64-linux-gnu/crt1.o /usr/lib/gcc/x86_64-linux-gnu/4.8/../../../x86_64-linux-gnu/crti.o /usr/lib/gcc/x86_64-linux-gnu/4.8/crtbegin.o -L/usr/lib/gcc/x86_64-linux-gnu/4.8 -L/usr/lib/gcc/x86_64-linux-gnu/4.8/../../../x86_64-linux-gnu -L/usr/lib/gcc/x86_64-linux-gnu/4.8/../../../../lib -L/lib/x86_64-linux-gnu -L/lib/../lib -L/usr/lib/x86_64-linux-gnu -L/usr/lib/../lib -L/usr/lib/gcc/x86_64-linux-gnu/4.8/../../.. /tmp/ccgQPtcP.o -lgfortran -lm -lgcc_s -lgcc -lquadmath -lm -lgcc_s -lgcc -lc -lgcc_s -lgcc /usr/lib/gcc/x86_64-linux-gnu/4.8/crtend.o /usr/lib/gcc/x86_64-linux-gnu/4.8/../../../x86_64-linux-gnu/crtn.o
configure:6128: result: -v
configure:6130: checking for Fortran 77 libraries of gfortran
configure:6153: gfortran -o conftest -g -O2 -v conftest.f
Using built-in specs.
Target: x86_64-linux-gnu
Configured with: ../src/configure -v --with-pkgversion='Ubuntu 4.8.4-2ubuntu1~14.04' --with-bugurl=file:///usr/share/doc/gcc-4.8/README.Bugs --enable-languages=c,c++,java,go,d,fortran,objc,obj-c++ --prefix=/usr --program-suffix=-4.8 --enable-shared --enable-linker-build-id --libexecdir=/usr/lib --without-included-gettext --enable-threads=posix --with-gxx-include-dir=/usr/include/c++/4.8 --libdir=/usr/lib --enable-nls --with-sysroot=/ --enable-clocale=gnu --enable-libstdcxx-debug --enable-libstdcxx-time=yes --enable-gnu-unique-object --disable-libmudflap --enable-plugin --with-system-zlib --disable-browser-plugin --enable-java-awt=gtk --enable-gtk-cairo --with-java-home=/usr/lib/jvm/java-1.5.0-gcj-4.8-amd64/jre --enable-java-home --with-jvm-root-dir=/usr/lib/jvm/java-1.5.0-gcj-4.8-amd64 --with-jvm-jar-dir=/usr/lib/jvm-exports/java-1.5.0-gcj-4.8-amd64 --with-arch-directory=amd64 --with-ecj-jar=/usr/share/java/eclipse-ecj.jar --enable-objc-gc --enable-multiarch --disable-werror --with-arch-32=i686 --with-abi=m64 --with-multilib-list=m32,m64,mx32 --with-tune=generic --enable-checking=release --build=x86_64-linux-gnu --host=x86_64-linux-gnu --target=x86_64-linux-gnu
Thread model: posix
gcc version 4.8.4 (Ubuntu 4.8.4-2ubuntu1~14.04) 
 /usr/lib/gcc/x86_64-linux-gnu/4.8/f951 conftest.f -ffixed-form -quiet -dumpbase conftest.f -mtune=generic -march=x86-64 -auxbase conftest -g -O2 -version -fintrinsic-modules-path /usr/lib/gcc/x86_64-linux-gnu/4.8/finclude -o /tmp/cczsqsa3.s
GNU Fortran (Ubuntu 4.8.4-2ubuntu1~14.04) version 4.8.4 (x86_64-linux-gnu)
	compiled by GNU C version 4.8.4, GMP version 5.1.3, MPFR version 3.1.2-p3, MPC version 1.0.1
GGC heuristics: --param ggc-min-expand=100 --param ggc-min-heapsize=131072
GNU Fortran (Ubuntu 4.8.4-2ubuntu1~14.04) version 4.8.4 (x86_64-linux-gnu)
	compiled by GNU C version 4.8.4, GMP version 5.1.3, MPFR version 3.1.2-p3, MPC version 1.0.1
GGC heuristics: --param ggc-min-expand=100 --param ggc-min-heapsize=131072
 as -v --64 -o /tmp/ccF47nwV.o /tmp/cczsqsa3.s
GNU assembler version 2.24 (x86_64-linux-gnu) using BFD version (GNU Binutils for Ubuntu) 2.24
Reading specs from /usr/lib/gcc/x86_64-linux-gnu/4.8/libgfortran.spec
rename spec lib to liborig
 /usr/lib/gcc/x86_64-linux-gnu/4.8/collect2 --sysroot=/ --build-id --eh-frame-hdr -m elf_x86_64 --hash-style=gnu --as-needed -dynamic-linker /lib64/ld-linux-x86-64.so.2 -z relro -o conftest /usr/lib/gcc/x86_64-linux-gnu/4.8/../../../x86_64-linux-gnu/crt1.o /usr/lib/gcc/x86_64-linux-gnu/4.8/../../../x86_64-linux-gnu/crti.o /usr/lib/gcc/x86_64-linux-gnu/4.8/crtbegin.o -L/usr/lib/gcc/x86_64-linux-gnu/4.8 -L/usr/lib/gcc/x86_64-linux-gnu/4.8/../../../x86_64-linux-gnu -L/usr/lib/gcc/x86_64-linux-gnu/4.8/../../../../lib -L/lib/x86_64-linux-gnu -L/lib/../lib -L/usr/lib/x86_64-linux-gnu -L/usr/lib/../lib -L/usr/lib/gcc/x86_64-linux-gnu/4.8/../../.. /tmp/ccF47nwV.o -lgfortran -lm -lgcc_s -lgcc -lquadmath -lm -lgcc_s -lgcc -lc -lgcc_s -lgcc /usr/lib/gcc/x86_64-linux-gnu/4.8/crtend.o /usr/lib/gcc/x86_64-linux-gnu/4.8/../../../x86_64-linux-gnu/crtn.o
configure:6330: result:  -L/usr/lib/gcc/x86_64-linux-gnu/4.8 -L/usr/lib/gcc/x86_64-linux-gnu/4.8/../../../x86_64-linux-gnu -L/usr/lib/gcc/x86_64-linux-gnu/4.8/../../../../lib -L/lib/x86_64-linux-gnu -L/lib/../lib -L/usr/lib/x86_64-linux-gnu -L/usr/lib/../lib -L/usr/lib/gcc/x86_64-linux-gnu/4.8/../../.. -lgfortran -lm -lquadmath
configure:6346: checking for dummy main to link with Fortran 77 libraries
configure:6390: cc -o conftest -g -O2   conftest.c   -L/usr/lib/gcc/x86_64-linux-gnu/4.8 -L/usr/lib/gcc/x86_64-linux-gnu/4.8/../../../x86_64-linux-gnu -L/usr/lib/gcc/x86_64-linux-gnu/4.8/../../../../lib -L/lib/x86_64-linux-gnu -L/lib/../lib -L/usr/lib/x86_64-linux-gnu -L/usr/lib/../lib -L/usr/lib/gcc/x86_64-linux-gnu/4.8/../../.. -lgfortran -lm -lquadmath >&5
configure:6397: $? = 0
configure:6485: result: none
configure:6524: checking for Fortran 77 name-mangling scheme
configure:6543: gfortran -c -g -O2 conftest.f >&5
configure:6550: $? = 0
configure:6605: cc -o conftest -g -O2   conftest.c cfortran_test.o   -L/usr/lib/gcc/x86_64-linux-gnu/4.8 -L/usr/lib/gcc/x86_64-linux-gnu/4.8/../../../x86_64-linux-gnu -L/usr/lib/gcc/x86_64-linux-gnu/4.8/../../../../lib -L/lib/x86_64-linux-gnu -L/lib/../lib -L/usr/lib/x86_64-linux-gnu -L/usr/lib/../lib -L/usr/lib/gcc/x86_64-linux-gnu/4.8/../../.. -lgfortran -lm -lquadmath >&5
/tmp/ccOGa925.o: In function `main':
/scratch/smr2761/espresso-5.2.1_fast/conftest.c:39: undefined reference to `foobar'
collect2: error: ld returned 1 exit status
configure:6612: $? = 1
configure: failed program was:
| /* confdefs.h.  */
| #define PACKAGE_NAME "ESPRESSO"
| #define PACKAGE_TARNAME "espresso"
| #define PACKAGE_VERSION "5.2.1"
| #define PACKAGE_STRING "ESPRESSO 5.2.1"
| #define PACKAGE_BUGREPORT ""
| #define STDC_HEADERS 1
| #define HAVE_SYS_TYPES_H 1
| #define HAVE_SYS_STAT_H 1
| #define HAVE_STDLIB_H 1
| #define HAVE_STRING_H 1
| #define HAVE_MEMORY_H 1
| #define HAVE_STRINGS_H 1
| #define HAVE_INTTYPES_H 1
| #define HAVE_STDINT_H 1
| #define HAVE_UNISTD_H 1
| #define SIZEOF_INT_P 8
| #define HAVE_MALLINFO 1
| /* end confdefs.h.  */
| 
| /* Override any GCC internal prototype to avoid an error.
|    Use char because int might match the return type of a GCC
|    builtin and then its argument prototype would still apply.  */
| #ifdef __cplusplus
| extern "C"
| #endif
| char foobar ();
| #ifdef F77_DUMMY_MAIN
| 
| #  ifdef __cplusplus
|      extern "C"
| #  endif
|    int F77_DUMMY_MAIN() { return 1; }
| 
| #endif
| int
| main ()
| {
| return foobar ();
|   ;
|   return 0;
| }
configure:6605: cc -o conftest -g -O2   conftest.c cfortran_test.o   -L/usr/lib/gcc/x86_64-linux-gnu/4.8 -L/usr/lib/gcc/x86_64-linux-gnu/4.8/../../../x86_64-linux-gnu -L/usr/lib/gcc/x86_64-linux-gnu/4.8/../../../../lib -L/lib/x86_64-linux-gnu -L/lib/../lib -L/usr/lib/x86_64-linux-gnu -L/usr/lib/../lib -L/usr/lib/gcc/x86_64-linux-gnu/4.8/../../.. -lgfortran -lm -lquadmath >&5
configure:6612: $? = 0
configure:6694: cc -o conftest -g -O2   conftest.c cfortran_test.o   -L/usr/lib/gcc/x86_64-linux-gnu/4.8 -L/usr/lib/gcc/x86_64-linux-gnu/4.8/../../../x86_64-linux-gnu -L/usr/lib/gcc/x86_64-linux-gnu/4.8/../../../../lib -L/lib/x86_64-linux-gnu -L/lib/../lib -L/usr/lib/x86_64-linux-gnu -L/usr/lib/../lib -L/usr/lib/gcc/x86_64-linux-gnu/4.8/../../.. -lgfortran -lm -lquadmath >&5
configure:6701: $? = 0
configure:6764: result: lower case, underscore, no extra underscore
configure:8030: checking for library containing dgemm
configure:8054: gfortran -o conftest -O3 -g -fopenmp  -x f95-cpp-input -fopenmp  -g -pthread -fopenmp   conftest.f  >&5
/tmp/ccrGkuW0.o: In function `MAIN__':
/scratch/smr2761/espresso-5.2.1_fast/conftest.f:2: undefined reference to `dgemm_'
collect2: error: ld returned 1 exit status
configure:8061: $? = 1
configure: failed program was:
|       program main
|       call dgemm
|       end
configure:8054: gfortran -o conftest -O3 -g -fopenmp  -x f95-cpp-input -fopenmp  -g -pthread -fopenmp   conftest.f -lmkl_gf_lp64 -lmkl_sequential -lmkl_core -lpthread  >&5
/usr/bin/ld: cannot find -lmkl_gf_lp64
/usr/bin/ld: cannot find -lmkl_sequential
/usr/bin/ld: cannot find -lmkl_core
collect2: error: ld returned 1 exit status
configure:8061: $? = 1
configure: failed program was:
|       program main
|       call dgemm
|       end
configure:8092: result: no
configure:8030: checking for library containing dgemm
configure:8054: gfortran -o conftest -O3 -g -fopenmp  -x f95-cpp-input -fopenmp  -g -pthread -fopenmp -L/opt/intel/composer_xe_2013.1.117/mkl/lib/intel64 conftest.f  >&5
/tmp/ccdjyyQ9.o: In function `MAIN__':
/scratch/smr2761/espresso-5.2.1_fast/conftest.f:2: undefined reference to `dgemm_'
collect2: error: ld returned 1 exit status
configure:8061: $? = 1
configure: failed program was:
|       program main
|       call dgemm
|       end
configure:8054: gfortran -o conftest -O3 -g -fopenmp  -x f95-cpp-input -fopenmp  -g -pthread -fopenmp -L/opt/intel/composer_xe_2013.1.117/mkl/lib/intel64 conftest.f -lmkl_gf_lp64 -lmkl_sequential -lmkl_core -lpthread  >&5
configure:8061: $? = 0
configure:8092: result: -lmkl_gf_lp64
configure:9394: checking for library containing dspev
configure:9418: gfortran -o conftest -O3 -g -fopenmp  -x f95-cpp-input -fopenmp  -g -pthread -fopenmp conftest.f  -L/opt/intel/composer_xe_2013.1.117/mkl/lib/intel64 -lmkl_gf_lp64  -lmkl_gnu_thread -lmkl_core >&5
configure:9425: $? = 0
configure:9456: result: none required
configure:10914: checking for library containing mpi_init
configure:10938: mpif90 -o conftest -O3 -g -fopenmp  -x f95-cpp-input -fopenmp -g -pthread -fopenmp conftest.f  >&5
configure:10945: $? = 0
configure:10976: result: none required
configure:10998: checking for library containing mpi_init
configure:11060: result: none required
configure:11074: checking for library containing pdgemr2d
configure:11098: mpif90 -o conftest -O3 -g -fopenmp  -x f95-cpp-input -fopenmp -g -pthread -fopenmp conftest.f  >&5
/tmp/ccTzLISF.o: In function `MAIN__':
/scratch/smr2761/espresso-5.2.1_fast/conftest.f:2: undefined reference to `pdgemr2d_'
collect2: error: ld returned 1 exit status
configure:11105: $? = 1
configure: failed program was:
|       program main
|       call pdgemr2d
|       end
configure:11098: mpif90 -o conftest -O3 -g -fopenmp  -x f95-cpp-input -fopenmp -g -pthread -fopenmp conftest.f  >&5
/tmp/cc3OhpnI.o: In function `MAIN__':
/scratch/smr2761/espresso-5.2.1_fast/conftest.f:2: undefined reference to `pdgemr2d_'
collect2: error: ld returned 1 exit status
configure:11105: $? = 1
configure: failed program was:
|       program main
|       call pdgemr2d
|       end
configure:11136: result: no
configure:11172: checking for library containing pdgemr2d
configure:11196: mpif90 -o conftest -O3 -g -fopenmp  -x f95-cpp-input -fopenmp -g -pthread -fopenmp conftest.f -lmkl_blacs_lp64  -L/opt/intel/composer_xe_2013.1.117/mkl/lib/intel64 -lmkl_gf_lp64  -lmkl_gnu_thread -lmkl_core >&5
/tmp/cch1msEM.o: In function `MAIN__':
/scratch/smr2761/espresso-5.2.1_fast/conftest.f:2: undefined reference to `pdgemr2d_'
collect2: error: ld returned 1 exit status
configure:11203: $? = 1
configure: failed program was:
|       program main
|       call pdgemr2d
|       end
configure:11196: mpif90 -o conftest -O3 -g -fopenmp  -x f95-cpp-input -fopenmp -g -pthread -fopenmp conftest.f -lmkl_scalapack_lp64  -lmkl_blacs_lp64  -L/opt/intel/composer_xe_2013.1.117/mkl/lib/intel64 -lmkl_gf_lp64  -lmkl_gnu_thread -lmkl_core >&5
configure:11203: $? = 0
configure:11234: result: -lmkl_scalapack_lp64
configure:11623: checking for ranlib
configure:11639: found /usr/bin/ranlib
configure:11651: result: ranlib
configure:11672: checking for wget
configure:11688: found /usr/bin/wget
configure:11699: result: wget -O
configure:11949: creating ./config.status

## ---------------------- ##
## Running config.status. ##
## ---------------------- ##

This file was extended by ESPRESSO config.status 5.2.1, which was
generated by GNU Autoconf 2.63.  Invocation command line was

  CONFIG_FILES    = 
  CONFIG_HEADERS  = 
  CONFIG_LINKS    = 
  CONFIG_COMMANDS = 
  $ ./config.status 

on hp83-inf-6.ictp.it

config.status:792: creating include/fft_defs.h
config.status:792: creating make.sys
config.status:792: creating configure.msg
config.status:792: creating install/make_wannier90.sys
config.status:792: creating install/make_blas.inc
config.status:792: creating install/make_lapack.inc
config.status:792: creating include/c_defs.h
config.status:996: include/c_defs.h is unchanged

## ---------------- ##
## Cache variables. ##
## ---------------- ##

ac_cv_build=x86_64-pc-linux-gnu
ac_cv_c_compiler_gnu=yes
ac_cv_env_CC_set=
ac_cv_env_CC_value=
ac_cv_env_CFLAGS_set=
ac_cv_env_CFLAGS_value=
ac_cv_env_CPPFLAGS_set=
ac_cv_env_CPPFLAGS_value=
ac_cv_env_CPP_set=
ac_cv_env_CPP_value=
ac_cv_env_EXTLIB_FLAGS_set=
ac_cv_env_EXTLIB_FLAGS_value=
ac_cv_env_F77_set=
ac_cv_env_F77_value=
ac_cv_env_FCFLAGS_set=
ac_cv_env_FCFLAGS_value=
ac_cv_env_FC_set=
ac_cv_env_FC_value=
ac_cv_env_FFLAGS_set=
ac_cv_env_FFLAGS_value=
ac_cv_env_LDFLAGS_set=
ac_cv_env_LDFLAGS_value=
ac_cv_env_LIBS_set=
ac_cv_env_LIBS_value=
ac_cv_env_build_alias_set=
ac_cv_env_build_alias_value=
ac_cv_env_host_alias_set=
ac_cv_env_host_alias_value=
ac_cv_env_target_alias_set=
ac_cv_env_target_alias_value=
ac_cv_f77_compiler_gnu=yes
ac_cv_f77_dummy_main=none
ac_cv_f77_libs=' -L/usr/lib/gcc/x86_64-linux-gnu/4.8 -L/usr/lib/gcc/x86_64-linux-gnu/4.8/../../../x86_64-linux-gnu -L/usr/lib/gcc/x86_64-linux-gnu/4.8/../../../../lib -L/lib/x86_64-linux-gnu -L/lib/../lib -L/usr/lib/x86_64-linux-gnu -L/usr/lib/../lib -L/usr/lib/gcc/x86_64-linux-gnu/4.8/../../.. -lgfortran -lm -lquadmath'
ac_cv_f77_mangling='lower case, underscore, no extra underscore'
ac_cv_fc_compiler_gnu=yes
ac_cv_fc_srcext_f90=none
ac_cv_fortran_dummy_main=none
ac_cv_header_inttypes_h=yes
ac_cv_header_malloc_h=yes
ac_cv_header_memory_h=yes
ac_cv_header_stdc=yes
ac_cv_header_stdint_h=yes
ac_cv_header_stdlib_h=yes
ac_cv_header_string_h=yes
ac_cv_header_strings_h=yes
ac_cv_header_sys_stat_h=yes
ac_cv_header_sys_types_h=yes
ac_cv_header_unistd_h=yes
ac_cv_member_struct_mallinfo_arena=yes
ac_cv_objext=o
ac_cv_path_EGREP='/bin/grep -E'
ac_cv_path_GREP=/bin/grep
ac_cv_prog_CPP='cc -E'
ac_cv_prog_ac_ct_CC=cc
ac_cv_prog_ac_ct_F77=gfortran
ac_cv_prog_ac_ct_FC=mpif90
ac_cv_prog_cc_c89=
ac_cv_prog_cc_g=yes
ac_cv_prog_f77_g=yes
ac_cv_prog_f77_v=-v
ac_cv_prog_fc_g=yes
ac_cv_prog_make_make_set=yes
ac_cv_prog_ranlib=ranlib
ac_cv_prog_wget='wget -O'
ac_cv_search_dgemm=-lmkl_gf_lp64
ac_cv_search_dspev='none required'
ac_cv_search_mpi_init='none required'
ac_cv_search_pdgemr2d=-lmkl_scalapack_lp64
ac_cv_sizeof_int_p=8

## ----------------- ##
## Output variables. ##
## ----------------- ##

CC='cc'
CFLAGS='-g -O2'
CPP='cc -E'
CPPFLAGS=''
Configured for compilation of parallel executables.'
DEFS='-DHAVE_CONFIG_H'
ECHO_C=''
ECHO_N='-n'
ECHO_T=''
EGREP='/bin/grep -E'
EXEEXT=''
EXTLIB_FLAGS=''
F77='mpif90'
FC='mpif90'
FCFLAGS='-g'
FCFLAGS_f90=''
FFLAGS='-O3 -g -fopenmp  -x f95-cpp-input -fopenmp'
FLIBS=' -L/usr/lib/gcc/x86_64-linux-gnu/4.8 -L/usr/lib/gcc/x86_64-linux-gnu/4.8/../../../x86_64-linux-gnu -L/usr/lib/gcc/x86_64-linux-gnu/4.8/../../../../lib -L/lib/x86_64-linux-gnu -L/lib/../lib -L/usr/lib/x86_64-linux-gnu -L/usr/lib/../lib -L/usr/lib/gcc/x86_64-linux-gnu/4.8/../../.. -lgfortran -lm -lquadmath'
GREP='/bin/grep'
LDFLAGS='-g -pthread -fopenmp'
LIBOBJS=''
LIBS='-lmkl_scalapack_lp64 -lmkl_blacs_lp64  -L/opt/intel/composer_xe_2013.1.117/mkl/lib/intel64 -lmkl_gf_lp64  -lmkl_gnu_thread -lmkl_core'
LTLIBOBJS=''
OBJEXT='o'
PACKAGE_BUGREPORT=''
PACKAGE_NAME='ESPRESSO'
PACKAGE_STRING='ESPRESSO 5.2.1'
PACKAGE_TARNAME='espresso'
PACKAGE_VERSION='5.2.1'
PATH_SEPARATOR=':'
SET_MAKE=''
SHELL='/bin/bash'
SIZEOF_INT_P='8'
ac_ct_CC='cc'
ac_ct_F77='gfortran'
ac_ct_FC='mpif90'
ar='ar'
arflags='ruv'
bindir='${exec_prefix}/bin'
blas_libs='-L/opt/intel/composer_xe_2013.1.117/mkl/lib/intel64 -lmkl_gf_lp64  -lmkl_gnu_thread -lmkl_core'
blas_libs_switch='external'
blas_line='BLAS_LIBS=-L/opt/intel/composer_xe_2013.1.117/mkl/lib/intel64 -lmkl_gf_lp64  -lmkl_gnu_thread -lmkl_core'
build='x86_64-pc-linux-gnu'
build_alias=''
build_cpu='x86_64'
build_os='linux-gnu'
build_vendor='pc'
cc='cc'
cflags='-O3'
cpp='cpp'
cppflags='-P -C -traditional'
datadir='${datarootdir}'
datarootdir='${prefix}/share'
dflags=' -D__GFORTRAN -D__STD_F95 -D__FFTW -D__MPI -D__PARA -D__SCALAPACK -D__OPENMP'
docdir='${datarootdir}/doc/${PACKAGE_TARNAME}'
dvidir='${docdir}'
elpa_libs_switch='disabled'
exec_prefix='${prefix}'
extlib_flags=''
f77='gfortran'
f90='gfortran'
f90flags='$(FFLAGS) -x f95-cpp-input -fopenmp'
f90rule='$(MPIF90) $(F90FLAGS) -c $<'
fdflags='$(DFLAGS)'
fflags='-O3 -g -fopenmp'
fflags_nomain=''
fflags_noopt='-O0 -g'
fft_libs=''
fft_line='FFT_LIBS='
host_alias=''
htmldir='${docdir}'
iflags='-I../include'
imod='-I'
includedir='${prefix}/include'
infodir='${datarootdir}/info'
lapack_libs=''
lapack_libs_switch='external'
lapack_line='LAPACK_LIBS='
ld='mpif90'
ld_libs=''
ldflags=' -g -pthread -fopenmp'
libdir='${exec_prefix}/lib'
libexecdir='${exec_prefix}/libexec'
localedir='${datarootdir}/locale'
localstatedir='${prefix}/var'
mandir='${datarootdir}/man'
mass_libs=''
mass_line='@delete@'
mpi_libs=''
mpi_line='@delete@'
mpif90='mpif90'
oldincludedir='/usr/include'
parallel_report='Parallel environment detected successfully.\
pdfdir='${docdir}'
pre_fdflags=''
prefix='$(INSTALLDIR)'
program_transform_name='s,x,x,'
psdir='${docdir}'
ranlib='ranlib'
sbindir='${exec_prefix}/sbin'
scalapack_libs='-lmkl_scalapack_lp64 -lmkl_blacs_openmpi_lp64'
scalapack_line='SCALAPACK_LIBS=-lmkl_scalapack_lp64 -lmkl_blacs_openmpi_lp64'
sharedstatedir='${prefix}/com'
sysconfdir='${prefix}/etc'
target_alias=''
topdir='/scratch/smr2761/espresso-5.2.1_fast'
wget='wget -O'

## ----------- ##
## confdefs.h. ##
## ----------- ##

#define PACKAGE_NAME "ESPRESSO"
#define PACKAGE_TARNAME "espresso"
#define PACKAGE_VERSION "5.2.1"
#define PACKAGE_STRING "ESPRESSO 5.2.1"
#define PACKAGE_BUGREPORT ""
#define STDC_HEADERS 1
#define HAVE_SYS_TYPES_H 1
#define HAVE_SYS_STAT_H 1
#define HAVE_STDLIB_H 1
#define HAVE_STRING_H 1
#define HAVE_MEMORY_H 1
#define HAVE_STRINGS_H 1
#define HAVE_INTTYPES_H 1
#define HAVE_STDINT_H 1
#define HAVE_UNISTD_H 1
#define SIZEOF_INT_P 8
#define HAVE_MALLINFO 1
#define F77_FUNC(name,NAME) name ## _
#define F77_FUNC_(name,NAME) name ## _

configure: exit 0
